<?xml version="1.0" encoding="UTF-8"?>
<!-- Generated by org.testng.reporters.JUnitXMLReporter -->
<testsuite ignored="1" hostname="LAPTOP-1OEARIOF" failures="0" tests="3" name="Default test" time="7.592" errors="0" timestamp="27 Feb 2022 09:15:04 GMT">
  <testcase classname="test.BookTest" name="f" time="4.487"/>
  <testcase classname="test.BookTest" name="f" time="1.44"/>
  <testcase classname="test.BookTest" name="f" time="1.584"/>
  <testcase classname="test.BookTest" name="f2" time="0.0">
    <ignored/>
  </testcase> <!-- f2 -->
</testsuite> <!-- Default test -->
