<?xml version="1.0" encoding="UTF-8"?>
<testng-results ignored="1" total="4" passed="3" failed="0" skipped="0">
  <reporter-output>
  </reporter-output>
  <suite started-at="2022-02-27T09:14:56Z" name="Default suite" finished-at="2022-02-27T09:15:04Z" duration-ms="7592">
    <groups>
    </groups>
    <test started-at="2022-02-27T09:14:56Z" name="Default test" finished-at="2022-02-27T09:15:04Z" duration-ms="7592">
      <class name="test.BookTest">
        <test-method signature="f(java.lang.String, java.lang.String)[pri:0, instance:test.BookTest@5db45159]" started-at="2022-02-27T09:14:56Z" name="f" data-provider="BooksData" finished-at="2022-02-27T09:15:01Z" duration-ms="4487" status="PASS">
          <params>
            <param index="0">
              <value>
                <![CDATA[chch]]>
              </value>
            </param>
            <param index="1">
              <value>
                <![CDATA[1989]]>
              </value>
            </param>
          </params>
          <reporter-output>
          </reporter-output>
        </test-method> <!-- f -->
        <test-method signature="f(java.lang.String, java.lang.String)[pri:0, instance:test.BookTest@5db45159]" started-at="2022-02-27T09:15:01Z" name="f" data-provider="BooksData" finished-at="2022-02-27T09:15:02Z" duration-ms="1440" status="PASS">
          <params>
            <param index="0">
              <value>
                <![CDATA[td]]>
              </value>
            </param>
            <param index="1">
              <value>
                <![CDATA[2222]]>
              </value>
            </param>
          </params>
          <reporter-output>
          </reporter-output>
        </test-method> <!-- f -->
        <test-method signature="f(java.lang.String, java.lang.String)[pri:0, instance:test.BookTest@5db45159]" started-at="2022-02-27T09:15:02Z" name="f" data-provider="BooksData" finished-at="2022-02-27T09:15:04Z" duration-ms="1584" status="PASS">
          <params>
            <param index="0">
              <value>
                <![CDATA[cd]]>
              </value>
            </param>
            <param index="1">
              <value>
                <![CDATA[3333]]>
              </value>
            </param>
          </params>
          <reporter-output>
          </reporter-output>
        </test-method> <!-- f -->
      </class> <!-- test.BookTest -->
    </test> <!-- Default test -->
  </suite> <!-- Default suite -->
</testng-results>
